<?xml version="1.0" encoding="UTF-8"?>
<coverage generated="1769354798849" clover="3.2.0">
  <project timestamp="1769354798849" name="All files">
    <metrics statements="106" coveredstatements="100" conditionals="77" coveredconditionals="71" methods="22" coveredmethods="20" elements="205" coveredelements="191" complexity="0" loc="106" ncloc="106" packages="3" files="7" classes="7"/>
    <package name="middleware">
      <metrics statements="12" coveredstatements="9" conditionals="10" coveredconditionals="8" methods="3" coveredmethods="2"/>
      <file name="errorMiddleware.ts" path="D:\Documents\SIT stuff\IWSP\STENG\st-engineering-assessment\backend\src\middleware\errorMiddleware.ts">
        <metrics statements="4" coveredstatements="4" conditionals="4" coveredconditionals="4" methods="1" coveredmethods="1"/>
        <line num="3" count="1" type="stmt"/>
        <line num="6" count="3" type="stmt"/>
        <line num="7" count="3" type="cond" truecount="2" falsecount="0"/>
        <line num="8" count="3" type="stmt"/>
      </file>
      <file name="uploadMiddleware.ts" path="D:\Documents\SIT stuff\IWSP\STENG\st-engineering-assessment\backend\src\middleware\uploadMiddleware.ts">
        <metrics statements="8" coveredstatements="5" conditionals="6" coveredconditionals="4" methods="2" coveredmethods="1"/>
        <line num="4" count="1" type="stmt"/>
        <line num="10" count="1" type="stmt"/>
        <line num="11" count="12" type="cond" truecount="2" falsecount="0"/>
        <line num="12" count="12" type="cond" truecount="2" falsecount="0"/>
        <line num="14" count="1" type="stmt"/>
        <line num="21" count="0" type="cond" truecount="0" falsecount="2"/>
        <line num="22" count="0" type="stmt"/>
        <line num="24" count="0" type="stmt"/>
      </file>
    </package>
    <package name="services">
      <metrics statements="70" coveredstatements="67" conditionals="45" coveredconditionals="41" methods="11" coveredmethods="10"/>
      <file name="dataService.ts" path="D:\Documents\SIT stuff\IWSP\STENG\st-engineering-assessment\backend\src\services\dataService.ts">
        <metrics statements="64" coveredstatements="61" conditionals="42" coveredconditionals="38" methods="7" coveredmethods="6"/>
        <line num="14" count="1" type="stmt"/>
        <line num="15" count="28" type="stmt"/>
        <line num="16" count="28" type="stmt"/>
        <line num="17" count="28" type="stmt"/>
        <line num="19" count="28" type="stmt"/>
        <line num="20" count="28" type="stmt"/>
        <line num="24" count="28" type="stmt"/>
        <line num="26" count="39" type="cond" truecount="2" falsecount="0"/>
        <line num="27" count="28" type="stmt"/>
        <line num="28" count="28" type="stmt"/>
        <line num="30" count="28" type="cond" truecount="2" falsecount="0"/>
        <line num="31" count="5" type="stmt"/>
        <line num="35" count="23" type="stmt"/>
        <line num="37" count="34" type="stmt"/>
        <line num="40" count="23" type="stmt"/>
        <line num="42" count="23" type="stmt"/>
        <line num="43" count="34" type="stmt"/>
        <line num="45" count="34" type="stmt"/>
        <line num="46" count="34" type="cond" truecount="2" falsecount="0"/>
        <line num="47" count="14" type="stmt"/>
        <line num="48" count="13" type="cond" truecount="2" falsecount="0"/>
        <line num="51" count="21" type="stmt"/>
        <line num="52" count="21" type="stmt"/>
        <line num="53" count="21" type="stmt"/>
        <line num="60" count="12" type="stmt"/>
        <line num="62" count="9" type="stmt"/>
        <line num="63" count="9" type="cond" truecount="2" falsecount="0"/>
        <line num="64" count="9" type="cond" truecount="2" falsecount="0"/>
        <line num="65" count="2" type="stmt"/>
        <line num="66" count="7" type="cond" truecount="2" falsecount="0"/>
        <line num="67" count="2" type="stmt"/>
        <line num="68" count="5" type="cond" truecount="2" falsecount="0"/>
        <line num="69" count="1" type="stmt"/>
        <line num="70" count="4" type="cond" truecount="4" falsecount="0"/>
        <line num="71" count="2" type="stmt"/>
        <line num="73" count="2" type="cond" truecount="2" falsecount="0"/>
        <line num="75" count="9" type="cond" truecount="1" falsecount="1"/>
        <line num="79" count="34" type="cond" truecount="2" falsecount="3"/>
        <line num="80" count="0" type="stmt"/>
        <line num="83" count="23" type="stmt"/>
        <line num="87" count="23" type="stmt"/>
        <line num="94" count="1" type="stmt"/>
        <line num="103" count="29" type="stmt"/>
        <line num="104" count="29" type="cond" truecount="2" falsecount="0"/>
        <line num="106" count="29" type="stmt"/>
        <line num="107" count="29" type="stmt"/>
        <line num="112" count="29" type="cond" truecount="4" falsecount="0"/>
        <line num="113" count="21" type="stmt"/>
        <line num="114" count="29" type="stmt"/>
        <line num="115" count="23" type="stmt"/>
        <line num="117" count="21" type="cond" truecount="2" falsecount="0"/>
        <line num="118" count="17" type="stmt"/>
        <line num="123" count="29" type="cond" truecount="2" falsecount="0"/>
        <line num="124" count="17" type="stmt"/>
        <line num="127" count="17" type="stmt"/>
        <line num="129" count="12" type="stmt"/>
        <line num="134" count="12" type="cond" truecount="2" falsecount="0"/>
        <line num="136" count="29" type="stmt"/>
        <line num="138" count="29" type="stmt"/>
        <line num="145" count="45" type="stmt"/>
        <line num="151" count="29" type="stmt"/>
        <line num="165" count="1" type="stmt"/>
        <line num="166" count="0" type="stmt"/>
        <line num="167" count="0" type="stmt"/>
      </file>
      <file name="progressStore.ts" path="D:\Documents\SIT stuff\IWSP\STENG\st-engineering-assessment\backend\src\services\progressStore.ts">
        <metrics statements="6" coveredstatements="6" conditionals="3" coveredconditionals="3" methods="4" coveredmethods="4"/>
        <line num="1" count="1" type="stmt"/>
        <line num="3" count="1" type="stmt"/>
        <line num="4" count="21" type="stmt"/>
        <line num="7" count="15" type="cond" truecount="2" falsecount="0"/>
        <line num="9" count="1" type="cond" truecount="1" falsecount="0"/>
        <line num="10" count="4" type="stmt"/>
      </file>
    </package>
    <package name="utils">
      <metrics statements="24" coveredstatements="24" conditionals="22" coveredconditionals="22" methods="8" coveredmethods="8"/>
      <file name="pagination.ts" path="D:\Documents\SIT stuff\IWSP\STENG\st-engineering-assessment\backend\src\utils\pagination.ts">
        <metrics statements="9" coveredstatements="9" conditionals="8" coveredconditionals="8" methods="1" coveredmethods="1"/>
        <line num="2" count="2" type="stmt"/>
        <line num="4" count="41" type="cond" truecount="2" falsecount="0"/>
        <line num="7" count="41" type="stmt"/>
        <line num="8" count="41" type="cond" truecount="2" falsecount="0"/>
        <line num="9" count="40" type="cond" truecount="2" falsecount="0"/>
        <line num="10" count="39" type="stmt"/>
        <line num="12" count="41" type="stmt"/>
        <line num="15" count="41" type="cond" truecount="2" falsecount="0"/>
        <line num="17" count="41" type="stmt"/>
      </file>
      <file name="schemaValidation.ts" path="D:\Documents\SIT stuff\IWSP\STENG\st-engineering-assessment\backend\src\utils\schemaValidation.ts">
        <metrics statements="9" coveredstatements="9" conditionals="10" coveredconditionals="10" methods="5" coveredmethods="5"/>
        <line num="3" count="2" type="stmt"/>
        <line num="5" count="47" type="cond" truecount="5" falsecount="0"/>
        <line num="9" count="47" type="cond" truecount="5" falsecount="0"/>
        <line num="17" count="2" type="stmt"/>
        <line num="18" count="37" type="stmt"/>
        <line num="21" count="173" type="stmt"/>
        <line num="22" count="37" type="stmt"/>
        <line num="23" count="185" type="stmt"/>
        <line num="26" count="37" type="stmt"/>
      </file>
      <file name="sqlRelated.ts" path="D:\Documents\SIT stuff\IWSP\STENG\st-engineering-assessment\backend\src\utils\sqlRelated.ts">
        <metrics statements="6" coveredstatements="6" conditionals="4" coveredconditionals="4" methods="2" coveredmethods="2"/>
        <line num="3" count="30" type="stmt"/>
        <line num="6" count="2" type="stmt"/>
        <line num="7" count="38" type="cond" truecount="2" falsecount="0"/>
        <line num="9" count="29" type="stmt"/>
        <line num="10" count="29" type="cond" truecount="2" falsecount="0"/>
        <line num="13" count="28" type="stmt"/>
      </file>
    </package>
  </project>
</coverage>
