{"D:\\Documents\\SIT stuff\\IWSP\\STENG\\st-engineering-assessment\\backend\\src\\middleware\\errorMiddleware.ts": {"path":"D:\\Documents\\SIT stuff\\IWSP\\STENG\\st-engineering-assessment\\backend\\src\\middleware\\errorMiddleware.ts","statementMap":{"0":{"start":{"line":3,"column":28},"end":{"line":11,"column":1}},"1":{"start":{"line":6,"column":27},"end":{"line":6,"column":68}},"2":{"start":{"line":7,"column":17},"end":{"line":7,"column":45}},"3":{"start":{"line":8,"column":2},"end":{"line":10,"column":5}}},"fnMap":{"0":{"name":"(anonymous_0)","decl":{"start":{"line":3,"column":28},"end":{"line":3,"column":29}},"loc":{"start":{"line":3,"column":90},"end":{"line":11,"column":1}}}},"branchMap":{"0":{"loc":{"start":{"line":7,"column":17},"end":{"line":7,"column":45}},"type":"cond-expr","locations":[{"start":{"line":7,"column":36},"end":{"line":7,"column":39}},{"start":{"line":7,"column":42},"end":{"line":7,"column":45}}]},"1":{"loc":{"start":{"line":9,"column":11},"end":{"line":9,"column":63}},"type":"binary-expr","locations":[{"start":{"line":9,"column":11},"end":{"line":9,"column":22}},{"start":{"line":9,"column":26},"end":{"line":9,"column":63}}]}},"s":{"0":1,"1":3,"2":3,"3":3},"f":{"0":3},"b":{"0":[1,2],"1":[3,1]}}
,"D:\\Documents\\SIT stuff\\IWSP\\STENG\\st-engineering-assessment\\backend\\src\\middleware\\uploadMiddleware.ts": {"path":"D:\\Documents\\SIT stuff\\IWSP\\STENG\\st-engineering-assessment\\backend\\src\\middleware\\uploadMiddleware.ts","statementMap":{"0":{"start":{"line":4,"column":22},"end":{"line":9,"column":2}},"1":{"start":{"line":10,"column":28},"end":{"line":13,"column":1}},"2":{"start":{"line":11,"column":14},"end":{"line":11,"column":60}},"3":{"start":{"line":12,"column":2},"end":{"line":12,"column":60}},"4":{"start":{"line":14,"column":22},"end":{"line":27,"column":2}},"5":{"start":{"line":21,"column":4},"end":{"line":25,"column":5}},"6":{"start":{"line":22,"column":4},"end":{"line":22,"column":19}},"7":{"start":{"line":24,"column":4},"end":{"line":24,"column":62}}},"fnMap":{"0":{"name":"(anonymous_0)","decl":{"start":{"line":10,"column":28},"end":{"line":10,"column":29}},"loc":{"start":{"line":10,"column":71},"end":{"line":13,"column":1}}},"1":{"name":"(anonymous_1)","decl":{"start":{"line":20,"column":16},"end":{"line":20,"column":17}},"loc":{"start":{"line":20,"column":34},"end":{"line":26,"column":1}}}},"branchMap":{"0":{"loc":{"start":{"line":11,"column":27},"end":{"line":11,"column":45}},"type":"binary-expr","locations":[{"start":{"line":11,"column":27},"end":{"line":11,"column":39}},{"start":{"line":11,"column":43},"end":{"line":11,"column":45}}]},"1":{"loc":{"start":{"line":12,"column":9},"end":{"line":12,"column":59}},"type":"binary-expr","locations":[{"start":{"line":12,"column":9},"end":{"line":12,"column":23}},{"start":{"line":12,"column":27},"end":{"line":12,"column":59}}]},"2":{"loc":{"start":{"line":21,"column":4},"end":{"line":25,"column":5}},"type":"if","locations":[{"start":{"line":21,"column":4},"end":{"line":25,"column":5}},{"start":{"line":23,"column":11},"end":{"line":25,"column":5}}]}},"s":{"0":1,"1":1,"2":12,"3":12,"4":1,"5":0,"6":0,"7":0},"f":{"0":12,"1":0},"b":{"0":[12,1],"1":[12,8],"2":[0,0]}}
,"D:\\Documents\\SIT stuff\\IWSP\\STENG\\st-engineering-assessment\\backend\\src\\services\\dataService.ts": {"path":"D:\\Documents\\SIT stuff\\IWSP\\STENG\\st-engineering-assessment\\backend\\src\\services\\dataService.ts","statementMap":{"0":{"start":{"line":14,"column":32},"end":{"line":92,"column":1}},"1":{"start":{"line":15,"column":103},"end":{"line":15,"column":105}},"2":{"start":{"line":16,"column":23},"end":{"line":16,"column":24}},"3":{"start":{"line":17,"column":25},"end":{"line":17,"column":29}},"4":{"start":{"line":19,"column":28},"end":{"line":19,"column":30}},"5":{"start":{"line":20,"column":23},"end":{"line":21,"column":null}},"6":{"start":{"line":24,"column":8},"end":{"line":38,"column":9}},"7":{"start":{"line":26,"column":8},"end":{"line":36,"column":9}},"8":{"start":{"line":27,"column":34},"end":{"line":27,"column":50}},"9":{"start":{"line":28,"column":37},"end":{"line":28,"column":70}},"10":{"start":{"line":30,"column":12},"end":{"line":34,"column":13}},"11":{"start":{"line":31,"column":16},"end":{"line":33,"column":18}},"12":{"start":{"line":35,"column":12},"end":{"line":35,"column":31}},"13":{"start":{"line":37,"column":12},"end":{"line":37,"column":27}},"14":{"start":{"line":40,"column":22},"end":{"line":40,"column":33}},"15":{"start":{"line":42,"column":8},"end":{"line":82,"column":9}},"16":{"start":{"line":42,"column":21},"end":{"line":42,"column":22}},"17":{"start":{"line":43,"column":24},"end":{"line":43,"column":31}},"18":{"start":{"line":45,"column":31},"end":{"line":45,"column":55}},"19":{"start":{"line":46,"column":12},"end":{"line":77,"column":13}},"20":{"start":{"line":47,"column":33},"end":{"line":47,"column":87}},"21":{"start":{"line":47,"column":66},"end":{"line":47,"column":75}},"22":{"start":{"line":48,"column":16},"end":{"line":48,"column":110}},"23":{"start":{"line":51,"column":16},"end":{"line":76,"column":17}},"24":{"start":{"line":52,"column":30},"end":{"line":52,"column":45}},"25":{"start":{"line":53,"column":20},"end":{"line":59,"column":23}},"26":{"start":{"line":60,"column":20},"end":{"line":60,"column":35}},"27":{"start":{"line":62,"column":33},"end":{"line":62,"column":48}},"28":{"start":{"line":63,"column":38},"end":{"line":63,"column":78}},"29":{"start":{"line":64,"column":20},"end":{"line":74,"column":21}},"30":{"start":{"line":65,"column":24},"end":{"line":65,"column":65}},"31":{"start":{"line":66,"column":27},"end":{"line":74,"column":21}},"32":{"start":{"line":67,"column":24},"end":{"line":67,"column":75}},"33":{"start":{"line":68,"column":27},"end":{"line":74,"column":21}},"34":{"start":{"line":69,"column":24},"end":{"line":69,"column":81}},"35":{"start":{"line":70,"column":27},"end":{"line":74,"column":21}},"36":{"start":{"line":71,"column":24},"end":{"line":71,"column":60}},"37":{"start":{"line":73,"column":24},"end":{"line":73,"column":76}},"38":{"start":{"line":75,"column":20},"end":{"line":75,"column":97}},"39":{"start":{"line":79,"column":12},"end":{"line":81,"column":13}},"40":{"start":{"line":80,"column":16},"end":{"line":80,"column":85}},"41":{"start":{"line":83,"column":4},"end":{"line":85,"column":51}},"42":{"start":{"line":87,"column":4},"end":{"line":91,"column":6}},"43":{"start":{"line":94,"column":37},"end":{"line":161,"column":1}},"44":{"start":{"line":103,"column":23},"end":{"line":103,"column":55}},"45":{"start":{"line":104,"column":25},"end":{"line":104,"column":72}},"46":{"start":{"line":106,"column":22},"end":{"line":106,"column":31}},"47":{"start":{"line":107,"column":43},"end":{"line":111,"column":10}},"48":{"start":{"line":112,"column":4},"end":{"line":120,"column":5}},"49":{"start":{"line":113,"column":24},"end":{"line":115,"column":67}},"50":{"start":{"line":114,"column":27},"end":{"line":114,"column":43}},"51":{"start":{"line":115,"column":24},"end":{"line":115,"column":66}},"52":{"start":{"line":117,"column":8},"end":{"line":119,"column":9}},"53":{"start":{"line":118,"column":12},"end":{"line":118,"column":50}},"54":{"start":{"line":123,"column":4},"end":{"line":135,"column":5}},"55":{"start":{"line":124,"column":23},"end":{"line":126,"column":31}},"56":{"start":{"line":127,"column":8},"end":{"line":127,"column":45}},"57":{"start":{"line":129,"column":28},"end":{"line":132,"column":25}},"58":{"start":{"line":134,"column":8},"end":{"line":134,"column":48}},"59":{"start":{"line":136,"column":56},"end":{"line":136,"column":100}},"60":{"start":{"line":138,"column":17},"end":{"line":143,"column":23}},"61":{"start":{"line":145,"column":31},"end":{"line":148,"column":7}},"62":{"start":{"line":145,"column":58},"end":{"line":148,"column":6}},"63":{"start":{"line":151,"column":4},"end":{"line":160,"column":4}},"64":{"start":{"line":165,"column":28},"end":{"line":170,"column":1}},"65":{"start":{"line":166,"column":4},"end":{"line":166,"column":30}},"66":{"start":{"line":167,"column":4},"end":{"line":169,"column":47}}},"fnMap":{"0":{"name":"(anonymous_0)","decl":{"start":{"line":14,"column":32},"end":{"line":14,"column":37}},"loc":{"start":{"line":14,"column":75},"end":{"line":92,"column":1}}},"1":{"name":"(anonymous_1)","decl":{"start":{"line":47,"column":61},"end":{"line":47,"column":62}},"loc":{"start":{"line":47,"column":66},"end":{"line":47,"column":75}}},"2":{"name":"(anonymous_2)","decl":{"start":{"line":94,"column":37},"end":{"line":94,"column":42}},"loc":{"start":{"line":99,"column":4},"end":{"line":161,"column":1}}},"3":{"name":"(anonymous_3)","decl":{"start":{"line":114,"column":20},"end":{"line":114,"column":23}},"loc":{"start":{"line":114,"column":27},"end":{"line":114,"column":43}}},"4":{"name":"(anonymous_4)","decl":{"start":{"line":115,"column":17},"end":{"line":115,"column":20}},"loc":{"start":{"line":115,"column":24},"end":{"line":115,"column":66}}},"5":{"name":"(anonymous_5)","decl":{"start":{"line":145,"column":40},"end":{"line":145,"column":41}},"loc":{"start":{"line":145,"column":58},"end":{"line":148,"column":6}}},"6":{"name":"(anonymous_6)","decl":{"start":{"line":165,"column":28},"end":{"line":165,"column":33}},"loc":{"start":{"line":165,"column":39},"end":{"line":170,"column":1}}}},"branchMap":{"0":{"loc":{"start":{"line":26,"column":8},"end":{"line":36,"column":9}},"type":"if","locations":[{"start":{"line":26,"column":8},"end":{"line":36,"column":9}},{"start":{},"end":{}}]},"1":{"loc":{"start":{"line":30,"column":12},"end":{"line":34,"column":13}},"type":"if","locations":[{"start":{"line":30,"column":12},"end":{"line":34,"column":13}},{"start":{},"end":{}}]},"2":{"loc":{"start":{"line":46,"column":12},"end":{"line":77,"column":13}},"type":"if","locations":[{"start":{"line":46,"column":12},"end":{"line":77,"column":13}},{"start":{"line":49,"column":19},"end":{"line":77,"column":13}}]},"3":{"loc":{"start":{"line":48,"column":38},"end":{"line":48,"column":53}},"type":"binary-expr","locations":[{"start":{"line":48,"column":38},"end":{"line":48,"column":44}},{"start":{"line":48,"column":48},"end":{"line":48,"column":53}}]},"4":{"loc":{"start":{"line":63,"column":38},"end":{"line":63,"column":78}},"type":"binary-expr","locations":[{"start":{"line":63,"column":38},"end":{"line":63,"column":53}},{"start":{"line":63,"column":57},"end":{"line":63,"column":78}}]},"5":{"loc":{"start":{"line":64,"column":20},"end":{"line":74,"column":21}},"type":"if","locations":[{"start":{"line":64,"column":20},"end":{"line":74,"column":21}},{"start":{"line":66,"column":27},"end":{"line":74,"column":21}}]},"6":{"loc":{"start":{"line":66,"column":27},"end":{"line":74,"column":21}},"type":"if","locations":[{"start":{"line":66,"column":27},"end":{"line":74,"column":21}},{"start":{"line":68,"column":27},"end":{"line":74,"column":21}}]},"7":{"loc":{"start":{"line":68,"column":27},"end":{"line":74,"column":21}},"type":"if","locations":[{"start":{"line":68,"column":27},"end":{"line":74,"column":21}},{"start":{"line":70,"column":27},"end":{"line":74,"column":21}}]},"8":{"loc":{"start":{"line":70,"column":27},"end":{"line":74,"column":21}},"type":"if","locations":[{"start":{"line":70,"column":27},"end":{"line":74,"column":21}},{"start":{"line":72,"column":27},"end":{"line":74,"column":21}}]},"9":{"loc":{"start":{"line":70,"column":31},"end":{"line":70,"column":77}},"type":"binary-expr","locations":[{"start":{"line":70,"column":31},"end":{"line":70,"column":52}},{"start":{"line":70,"column":56},"end":{"line":70,"column":77}}]},"10":{"loc":{"start":{"line":73,"column":33},"end":{"line":73,"column":75}},"type":"binary-expr","locations":[{"start":{"line":73,"column":33},"end":{"line":73,"column":44}},{"start":{"line":73,"column":48},"end":{"line":73,"column":75}}]},"11":{"loc":{"start":{"line":75,"column":42},"end":{"line":75,"column":67}},"type":"binary-expr","locations":[{"start":{"line":75,"column":42},"end":{"line":75,"column":58}},{"start":{"line":75,"column":62},"end":{"line":75,"column":67}}]},"12":{"loc":{"start":{"line":79,"column":12},"end":{"line":81,"column":13}},"type":"if","locations":[{"start":{"line":79,"column":12},"end":{"line":81,"column":13}},{"start":{},"end":{}}]},"13":{"loc":{"start":{"line":79,"column":16},"end":{"line":79,"column":58}},"type":"binary-expr","locations":[{"start":{"line":79,"column":16},"end":{"line":79,"column":21}},{"start":{"line":79,"column":26},"end":{"line":79,"column":38}},{"start":{"line":79,"column":42},"end":{"line":79,"column":57}}]},"14":{"loc":{"start":{"line":98,"column":4},"end":{"line":98,"column":32}},"type":"default-arg","locations":[{"start":{"line":98,"column":30},"end":{"line":98,"column":32}}]},"15":{"loc":{"start":{"line":104,"column":25},"end":{"line":104,"column":72}},"type":"cond-expr","locations":[{"start":{"line":104,"column":38},"end":{"line":104,"column":60}},{"start":{"line":104,"column":63},"end":{"line":104,"column":72}}]},"16":{"loc":{"start":{"line":112,"column":4},"end":{"line":120,"column":5}},"type":"if","locations":[{"start":{"line":112,"column":4},"end":{"line":120,"column":5}},{"start":{},"end":{}}]},"17":{"loc":{"start":{"line":112,"column":8},"end":{"line":112,"column":48}},"type":"binary-expr","locations":[{"start":{"line":112,"column":8},"end":{"line":112,"column":20}},{"start":{"line":112,"column":24},"end":{"line":112,"column":48}}]},"18":{"loc":{"start":{"line":117,"column":8},"end":{"line":119,"column":9}},"type":"if","locations":[{"start":{"line":117,"column":8},"end":{"line":119,"column":9}},{"start":{},"end":{}}]},"19":{"loc":{"start":{"line":123,"column":4},"end":{"line":135,"column":5}},"type":"if","locations":[{"start":{"line":123,"column":4},"end":{"line":135,"column":5}},{"start":{"line":128,"column":9},"end":{"line":135,"column":5}}]},"20":{"loc":{"start":{"line":134,"column":21},"end":{"line":134,"column":47}},"type":"binary-expr","locations":[{"start":{"line":134,"column":21},"end":{"line":134,"column":42}},{"start":{"line":134,"column":46},"end":{"line":134,"column":47}}]}},"s":{"0":1,"1":28,"2":28,"3":28,"4":28,"5":28,"6":28,"7":39,"8":28,"9":28,"10":28,"11":5,"12":23,"13":34,"14":23,"15":23,"16":23,"17":34,"18":34,"19":34,"20":13,"21":14,"22":13,"23":21,"24":21,"25":21,"26":12,"27":9,"28":9,"29":9,"30":2,"31":7,"32":2,"33":5,"34":1,"35":4,"36":2,"37":2,"38":9,"39":34,"40":0,"41":23,"42":23,"43":1,"44":29,"45":29,"46":29,"47":29,"48":29,"49":21,"50":29,"51":23,"52":21,"53":17,"54":29,"55":17,"56":17,"57":12,"58":12,"59":29,"60":29,"61":29,"62":45,"63":29,"64":1,"65":0,"66":0},"f":{"0":28,"1":14,"2":29,"3":29,"4":23,"5":45,"6":0},"b":{"0":[28,11],"1":[5,23],"2":[13,21],"3":[13,1],"4":[9,2],"5":[2,7],"6":[2,5],"7":[1,4],"8":[2,2],"9":[4,3],"10":[2,1],"11":[9,0],"12":[0,34],"13":[34,0,0],"14":[6],"15":[22,7],"16":[21,8],"17":[29,22],"18":[17,4],"19":[17,12],"20":[12,1]}}
,"D:\\Documents\\SIT stuff\\IWSP\\STENG\\st-engineering-assessment\\backend\\src\\services\\progressStore.ts": {"path":"D:\\Documents\\SIT stuff\\IWSP\\STENG\\st-engineering-assessment\\backend\\src\\services\\progressStore.ts","statementMap":{"0":{"start":{"line":1,"column":29},"end":{"line":1,"column":54}},"1":{"start":{"line":3,"column":27},"end":{"line":5,"column":1}},"2":{"start":{"line":4,"column":2},"end":{"line":4,"column":64}},"3":{"start":{"line":7,"column":27},"end":{"line":7,"column":75}},"4":{"start":{"line":7,"column":46},"end":{"line":7,"column":75}},"5":{"start":{"line":9,"column":34},"end":{"line":11,"column":1}},"6":{"start":{"line":10,"column":2},"end":{"line":10,"column":57}},"7":{"start":{"line":10,"column":19},"end":{"line":10,"column":46}}},"fnMap":{"0":{"name":"(anonymous_0)","decl":{"start":{"line":3,"column":27},"end":{"line":3,"column":28}},"loc":{"start":{"line":3,"column":62},"end":{"line":5,"column":1}}},"1":{"name":"(anonymous_1)","decl":{"start":{"line":7,"column":27},"end":{"line":7,"column":28}},"loc":{"start":{"line":7,"column":46},"end":{"line":7,"column":75}}},"2":{"name":"(anonymous_2)","decl":{"start":{"line":9,"column":34},"end":{"line":9,"column":35}},"loc":{"start":{"line":9,"column":68},"end":{"line":11,"column":1}}},"3":{"name":"(anonymous_3)","decl":{"start":{"line":10,"column":13},"end":{"line":10,"column":16}},"loc":{"start":{"line":10,"column":19},"end":{"line":10,"column":46}}}},"branchMap":{"0":{"loc":{"start":{"line":7,"column":46},"end":{"line":7,"column":75}},"type":"binary-expr","locations":[{"start":{"line":7,"column":46},"end":{"line":7,"column":70}},{"start":{"line":7,"column":74},"end":{"line":7,"column":75}}]},"1":{"loc":{"start":{"line":9,"column":50},"end":{"line":9,"column":64}},"type":"default-arg","locations":[{"start":{"line":9,"column":60},"end":{"line":9,"column":64}}]}},"s":{"0":1,"1":1,"2":21,"3":1,"4":15,"5":1,"6":4,"7":4},"f":{"0":21,"1":15,"2":4,"3":4},"b":{"0":[15,6],"1":[1]}}
,"D:\\Documents\\SIT stuff\\IWSP\\STENG\\st-engineering-assessment\\backend\\src\\utils\\pagination.ts": {"path":"D:\\Documents\\SIT stuff\\IWSP\\STENG\\st-engineering-assessment\\backend\\src\\utils\\pagination.ts","statementMap":{"0":{"start":{"line":2,"column":35},"end":{"line":18,"column":1}},"1":{"start":{"line":4,"column":21},"end":{"line":4,"column":66}},"2":{"start":{"line":7,"column":20},"end":{"line":7,"column":25}},"3":{"start":{"line":8,"column":4},"end":{"line":10,"column":42}},"4":{"start":{"line":8,"column":21},"end":{"line":8,"column":36}},"5":{"start":{"line":9,"column":9},"end":{"line":10,"column":42}},"6":{"start":{"line":9,"column":24},"end":{"line":9,"column":38}},"7":{"start":{"line":10,"column":9},"end":{"line":10,"column":42}},"8":{"start":{"line":12,"column":19},"end":{"line":12,"column":45}},"9":{"start":{"line":15,"column":23},"end":{"line":15,"column":79}},"10":{"start":{"line":17,"column":4},"end":{"line":17,"column":55}}},"fnMap":{"0":{"name":"(anonymous_0)","decl":{"start":{"line":2,"column":35},"end":{"line":2,"column":36}},"loc":{"start":{"line":2,"column":87},"end":{"line":18,"column":1}}}},"branchMap":{"0":{"loc":{"start":{"line":4,"column":33},"end":{"line":4,"column":65}},"type":"cond-expr","locations":[{"start":{"line":4,"column":57},"end":{"line":4,"column":61}},{"start":{"line":4,"column":64},"end":{"line":4,"column":65}}]},"1":{"loc":{"start":{"line":8,"column":4},"end":{"line":10,"column":42}},"type":"if","locations":[{"start":{"line":8,"column":4},"end":{"line":10,"column":42}},{"start":{"line":9,"column":9},"end":{"line":10,"column":42}}]},"2":{"loc":{"start":{"line":9,"column":9},"end":{"line":10,"column":42}},"type":"if","locations":[{"start":{"line":9,"column":9},"end":{"line":10,"column":42}},{"start":{"line":10,"column":9},"end":{"line":10,"column":42}}]},"3":{"loc":{"start":{"line":15,"column":23},"end":{"line":15,"column":79}},"type":"cond-expr","locations":[{"start":{"line":15,"column":42},"end":{"line":15,"column":43}},{"start":{"line":15,"column":46},"end":{"line":15,"column":79}}]}},"s":{"0":2,"1":41,"2":41,"3":41,"4":1,"5":40,"6":1,"7":39,"8":41,"9":41,"10":41},"f":{"0":41},"b":{"0":[40,1],"1":[1,40],"2":[1,39],"3":[4,37]}}
,"D:\\Documents\\SIT stuff\\IWSP\\STENG\\st-engineering-assessment\\backend\\src\\utils\\schemaValidation.ts": {"path":"D:\\Documents\\SIT stuff\\IWSP\\STENG\\st-engineering-assessment\\backend\\src\\utils\\schemaValidation.ts","statementMap":{"0":{"start":{"line":3,"column":25},"end":{"line":15,"column":2}},"1":{"start":{"line":5,"column":18},"end":{"line":5,"column":83}},"2":{"start":{"line":9,"column":18},"end":{"line":9,"column":83}},"3":{"start":{"line":17,"column":34},"end":{"line":30,"column":1}},"4":{"start":{"line":18,"column":28},"end":{"line":18,"column":69}},"5":{"start":{"line":21,"column":31},"end":{"line":21,"column":71}},"6":{"start":{"line":21,"column":48},"end":{"line":21,"column":70}},"7":{"start":{"line":22,"column":20},"end":{"line":23,"column":null}},"8":{"start":{"line":23,"column":22},"end":{"line":23,"column":60}},"9":{"start":{"line":26,"column":4},"end":{"line":29,"column":6}}},"fnMap":{"0":{"name":"(anonymous_0)","decl":{"start":{"line":5,"column":8},"end":{"line":5,"column":9}},"loc":{"start":{"line":5,"column":18},"end":{"line":5,"column":83}}},"1":{"name":"(anonymous_1)","decl":{"start":{"line":9,"column":8},"end":{"line":9,"column":9}},"loc":{"start":{"line":9,"column":18},"end":{"line":9,"column":83}}},"2":{"name":"(anonymous_2)","decl":{"start":{"line":17,"column":34},"end":{"line":17,"column":35}},"loc":{"start":{"line":17,"column":56},"end":{"line":30,"column":1}}},"3":{"name":"(anonymous_3)","decl":{"start":{"line":21,"column":43},"end":{"line":21,"column":44}},"loc":{"start":{"line":21,"column":48},"end":{"line":21,"column":70}}},"4":{"name":"(anonymous_4)","decl":{"start":{"line":23,"column":8},"end":{"line":23,"column":9}},"loc":{"start":{"line":23,"column":22},"end":{"line":23,"column":60}}}},"branchMap":{"0":{"loc":{"start":{"line":5,"column":18},"end":{"line":5,"column":83}},"type":"cond-expr","locations":[{"start":{"line":5,"column":68},"end":{"line":5,"column":77}},{"start":{"line":5,"column":80},"end":{"line":5,"column":83}}]},"1":{"loc":{"start":{"line":5,"column":18},"end":{"line":5,"column":65}},"type":"binary-expr","locations":[{"start":{"line":5,"column":18},"end":{"line":5,"column":30}},{"start":{"line":5,"column":34},"end":{"line":5,"column":51}},{"start":{"line":5,"column":55},"end":{"line":5,"column":65}}]},"2":{"loc":{"start":{"line":9,"column":18},"end":{"line":9,"column":83}},"type":"cond-expr","locations":[{"start":{"line":9,"column":68},"end":{"line":9,"column":77}},{"start":{"line":9,"column":80},"end":{"line":9,"column":83}}]},"3":{"loc":{"start":{"line":9,"column":18},"end":{"line":9,"column":65}},"type":"binary-expr","locations":[{"start":{"line":9,"column":18},"end":{"line":9,"column":30}},{"start":{"line":9,"column":34},"end":{"line":9,"column":51}},{"start":{"line":9,"column":55},"end":{"line":9,"column":65}}]}},"s":{"0":2,"1":47,"2":47,"3":2,"4":37,"5":37,"6":173,"7":37,"8":185,"9":37},"f":{"0":47,"1":47,"2":37,"3":173,"4":185},"b":{"0":[2,45],"1":[47,47,47],"2":[2,45],"3":[47,47,47]}}
,"D:\\Documents\\SIT stuff\\IWSP\\STENG\\st-engineering-assessment\\backend\\src\\utils\\sqlRelated.ts": {"path":"D:\\Documents\\SIT stuff\\IWSP\\STENG\\st-engineering-assessment\\backend\\src\\utils\\sqlRelated.ts","statementMap":{"0":{"start":{"line":3,"column":26},"end":{"line":3,"column":71}},"1":{"start":{"line":3,"column":43},"end":{"line":3,"column":71}},"2":{"start":{"line":6,"column":35},"end":{"line":14,"column":1}},"3":{"start":{"line":7,"column":4},"end":{"line":7,"column":33}},"4":{"start":{"line":7,"column":16},"end":{"line":7,"column":33}},"5":{"start":{"line":9,"column":20},"end":{"line":9,"column":32}},"6":{"start":{"line":10,"column":4},"end":{"line":10,"column":47}},"7":{"start":{"line":10,"column":30},"end":{"line":10,"column":47}},"8":{"start":{"line":13,"column":4},"end":{"line":13,"column":33}}},"fnMap":{"0":{"name":"(anonymous_0)","decl":{"start":{"line":3,"column":26},"end":{"line":3,"column":27}},"loc":{"start":{"line":3,"column":43},"end":{"line":3,"column":71}}},"1":{"name":"(anonymous_1)","decl":{"start":{"line":6,"column":35},"end":{"line":6,"column":36}},"loc":{"start":{"line":6,"column":54},"end":{"line":14,"column":1}}}},"branchMap":{"0":{"loc":{"start":{"line":7,"column":4},"end":{"line":7,"column":33}},"type":"if","locations":[{"start":{"line":7,"column":4},"end":{"line":7,"column":33}},{"start":{},"end":{}}]},"1":{"loc":{"start":{"line":10,"column":4},"end":{"line":10,"column":47}},"type":"if","locations":[{"start":{"line":10,"column":4},"end":{"line":10,"column":47}},{"start":{},"end":{}}]}},"s":{"0":2,"1":30,"2":2,"3":38,"4":9,"5":29,"6":29,"7":1,"8":28},"f":{"0":30,"1":38},"b":{"0":[9,29],"1":[1,28]}}
}
