TN:
SF:src\middleware\errorMiddleware.ts
FN:3,(anonymous_0)
FNF:1
FNH:1
FNDA:3,(anonymous_0)
DA:3,1
DA:6,3
DA:7,3
DA:8,3
LF:4
LH:4
BRDA:7,0,0,1
BRDA:7,0,1,2
BRDA:9,1,0,3
BRDA:9,1,1,1
BRF:4
BRH:4
end_of_record
TN:
SF:src\middleware\uploadMiddleware.ts
FN:10,(anonymous_0)
FN:20,(anonymous_1)
FNF:2
FNH:1
FNDA:12,(anonymous_0)
FNDA:0,(anonymous_1)
DA:4,1
DA:10,1
DA:11,12
DA:12,12
DA:14,1
DA:21,0
DA:22,0
DA:24,0
LF:8
LH:5
BRDA:11,0,0,12
BRDA:11,0,1,1
BRDA:12,1,0,12
BRDA:12,1,1,8
BRDA:21,2,0,0
BRDA:21,2,1,0
BRF:6
BRH:4
end_of_record
TN:
SF:src\services\dataService.ts
FN:14,(anonymous_0)
FN:47,(anonymous_1)
FN:94,(anonymous_2)
FN:114,(anonymous_3)
FN:115,(anonymous_4)
FN:145,(anonymous_5)
FN:165,(anonymous_6)
FNF:7
FNH:6
FNDA:28,(anonymous_0)
FNDA:14,(anonymous_1)
FNDA:29,(anonymous_2)
FNDA:29,(anonymous_3)
FNDA:23,(anonymous_4)
FNDA:45,(anonymous_5)
FNDA:0,(anonymous_6)
DA:14,1
DA:15,28
DA:16,28
DA:17,28
DA:19,28
DA:20,28
DA:24,28
DA:26,39
DA:27,28
DA:28,28
DA:30,28
DA:31,5
DA:35,23
DA:37,34
DA:40,23
DA:42,23
DA:43,34
DA:45,34
DA:46,34
DA:47,14
DA:48,13
DA:51,21
DA:52,21
DA:53,21
DA:60,12
DA:62,9
DA:63,9
DA:64,9
DA:65,2
DA:66,7
DA:67,2
DA:68,5
DA:69,1
DA:70,4
DA:71,2
DA:73,2
DA:75,9
DA:79,34
DA:80,0
DA:83,23
DA:87,23
DA:94,1
DA:103,29
DA:104,29
DA:106,29
DA:107,29
DA:112,29
DA:113,21
DA:114,29
DA:115,23
DA:117,21
DA:118,17
DA:123,29
DA:124,17
DA:127,17
DA:129,12
DA:134,12
DA:136,29
DA:138,29
DA:145,45
DA:151,29
DA:165,1
DA:166,0
DA:167,0
LF:64
LH:61
BRDA:26,0,0,28
BRDA:26,0,1,11
BRDA:30,1,0,5
BRDA:30,1,1,23
BRDA:46,2,0,13
BRDA:46,2,1,21
BRDA:48,3,0,13
BRDA:48,3,1,1
BRDA:63,4,0,9
BRDA:63,4,1,2
BRDA:64,5,0,2
BRDA:64,5,1,7
BRDA:66,6,0,2
BRDA:66,6,1,5
BRDA:68,7,0,1
BRDA:68,7,1,4
BRDA:70,8,0,2
BRDA:70,8,1,2
BRDA:70,9,0,4
BRDA:70,9,1,3
BRDA:73,10,0,2
BRDA:73,10,1,1
BRDA:75,11,0,9
BRDA:75,11,1,0
BRDA:79,12,0,0
BRDA:79,12,1,34
BRDA:79,13,0,34
BRDA:79,13,1,0
BRDA:79,13,2,0
BRDA:98,14,0,6
BRDA:104,15,0,22
BRDA:104,15,1,7
BRDA:112,16,0,21
BRDA:112,16,1,8
BRDA:112,17,0,29
BRDA:112,17,1,22
BRDA:117,18,0,17
BRDA:117,18,1,4
BRDA:123,19,0,17
BRDA:123,19,1,12
BRDA:134,20,0,12
BRDA:134,20,1,1
BRF:42
BRH:38
end_of_record
TN:
SF:src\services\progressStore.ts
FN:3,(anonymous_0)
FN:7,(anonymous_1)
FN:9,(anonymous_2)
FN:10,(anonymous_3)
FNF:4
FNH:4
FNDA:21,(anonymous_0)
FNDA:15,(anonymous_1)
FNDA:4,(anonymous_2)
FNDA:4,(anonymous_3)
DA:1,1
DA:3,1
DA:4,21
DA:7,15
DA:9,1
DA:10,4
LF:6
LH:6
BRDA:7,0,0,15
BRDA:7,0,1,6
BRDA:9,1,0,1
BRF:3
BRH:3
end_of_record
TN:
SF:src\utils\pagination.ts
FN:2,(anonymous_0)
FNF:1
FNH:1
FNDA:41,(anonymous_0)
DA:2,2
DA:4,41
DA:7,41
DA:8,41
DA:9,40
DA:10,39
DA:12,41
DA:15,41
DA:17,41
LF:9
LH:9
BRDA:4,0,0,40
BRDA:4,0,1,1
BRDA:8,1,0,1
BRDA:8,1,1,40
BRDA:9,2,0,1
BRDA:9,2,1,39
BRDA:15,3,0,4
BRDA:15,3,1,37
BRF:8
BRH:8
end_of_record
TN:
SF:src\utils\schemaValidation.ts
FN:5,(anonymous_0)
FN:9,(anonymous_1)
FN:17,(anonymous_2)
FN:21,(anonymous_3)
FN:23,(anonymous_4)
FNF:5
FNH:5
FNDA:47,(anonymous_0)
FNDA:47,(anonymous_1)
FNDA:37,(anonymous_2)
FNDA:173,(anonymous_3)
FNDA:185,(anonymous_4)
DA:3,2
DA:5,47
DA:9,47
DA:17,2
DA:18,37
DA:21,173
DA:22,37
DA:23,185
DA:26,37
LF:9
LH:9
BRDA:5,0,0,2
BRDA:5,0,1,45
BRDA:5,1,0,47
BRDA:5,1,1,47
BRDA:5,1,2,47
BRDA:9,2,0,2
BRDA:9,2,1,45
BRDA:9,3,0,47
BRDA:9,3,1,47
BRDA:9,3,2,47
BRF:10
BRH:10
end_of_record
TN:
SF:src\utils\sqlRelated.ts
FN:3,(anonymous_0)
FN:6,(anonymous_1)
FNF:2
FNH:2
FNDA:30,(anonymous_0)
FNDA:38,(anonymous_1)
DA:3,30
DA:6,2
DA:7,38
DA:9,29
DA:10,29
DA:13,28
LF:6
LH:6
BRDA:7,0,0,9
BRDA:7,0,1,29
BRDA:10,1,0,1
BRDA:10,1,1,28
BRF:4
BRH:4
end_of_record
